{"name": "test_add[positive1]", "status": "failed", "statusDetails": {"message": "AssertionError: assert 20 == 15\n  +20\n  -15", "trace": "self = <testcases.test_cacu_yaml.TestCalc object at 0x000002230D884848>, setprint = None, fristofall = None, a = 10, b = 10, expect = 15\n\n    @pytest.mark.run(order=1)\n    @pytest.mark.parametrize('a,b,expect', datas['add']['datas'], ids=datas['add']['ids'])\n    def test_add(self, setprint, fristofall, a, b, expect):\n        # calc = Calculator()\n        result = self.calc.add(a, b)\n>       assert result == expect\nE       assert 20 == 15\nE         +20\nE         -15\n\ntest_cacu_yaml.py:26: AssertionError"}, "parameters": [{"name": "a", "value": "10"}, {"name": "b", "value": "10"}, {"name": "expect", "value": "15"}], "start": 1604643590007, "stop": 1604643590007, "uuid": "3351efce-7136-4a40-8132-7852b3daa44e", "historyId": "460267c27f951306db2478bc6a349e77", "testCaseId": "ad0130f34bd17b13bbe8d80f846f309c", "fullName": "test_cacu_yaml.TestCalc#test_add", "labels": [{"name": "tag", "value": "run(order=1)"}, {"name": "suite", "value": "test_cacu_yaml"}, {"name": "subSuite", "value": "TestCalc"}, {"name": "host", "value": "DESKTOP-FCPOG81"}, {"name": "thread", "value": "14904-MainThread"}, {"name": "framework", "value": "pytest"}, {"name": "language", "value": "cpython3"}, {"name": "package", "value": "test_cacu_yaml"}]}