{
  "uid": "aedbc27d802ae81d",
  "name": "test_add[floats]",
  "fullName": "test_cacu_yaml.TestCalc#test_add",
  "historyId": "d9ecb6b7b501a79888b6bca3e29d4c05",
  "time": {
    "start": 1604461033093,
    "stop": 1604461033093,
    "duration": 0
  },
  "status": "failed",
  "statusMessage": "AssertionError: assert 1.2 == 1\n  +1.2\n  -1",
  "statusTrace": "self = <testcases.test_cacu_yaml.TestCalc object at 0x000001E4E8C31B48>, setprint = None, fristofall = None, a = 0.5, b = 0.7, expect = 1\n\n    @pytest.mark.run(order=1)\n    @pytest.mark.parametrize('a,b,expect',datas['add']['datas'],ids=datas['add']['ids'])\n    def test_add(self,setprint,fristofall, a, b, expect):\n        # calc = Calculator()\n        result = self.calc.add(a, b)\n>       assert result == expect\nE       assert 1.2 == 1\nE         +1.2\nE         -1\n\ntest_cacu_yaml.py:25: AssertionError",
  "flaky": false,
  "newFailed": false,
  "beforeStages": [
    {
      "name": "setprint",
      "time": {
        "start": 1604461033092,
        "stop": 1604461033092,
        "duration": 0
      },
      "status": "passed",
      "steps": [],
      "attachments": [],
      "parameters": [],
      "attachmentsCount": 0,
      "shouldDisplayMessage": false,
      "hasContent": false,
      "stepsCount": 0
    },
    {
      "name": "fristofall",
      "time": {
        "start": 1604461033029,
        "stop": 1604461033029,
        "duration": 0
      },
      "status": "passed",
      "steps": [],
      "attachments": [],
      "parameters": [],
      "attachmentsCount": 0,
      "shouldDisplayMessage": false,
      "hasContent": false,
      "stepsCount": 0
    }
  ],
  "afterStages": [
    {
      "name": "setprint::0",
      "time": {
        "start": 1604461033100,
        "stop": 1604461033100,
        "duration": 0
      },
      "status": "passed",
      "steps": [],
      "attachments": [],
      "parameters": [],
      "attachmentsCount": 0,
      "shouldDisplayMessage": false,
      "hasContent": false,
      "stepsCount": 0
    },
    {
      "name": "fristofall::0",
      "time": {
        "start": 1604461033210,
        "stop": 1604461033210,
        "duration": 0
      },
      "status": "passed",
      "steps": [],
      "attachments": [],
      "parameters": [],
      "attachmentsCount": 0,
      "shouldDisplayMessage": false,
      "hasContent": false,
      "stepsCount": 0
    }
  ],
  "labels": [
    {
      "name": "tag",
      "value": "run(order=1)"
    },
    {
      "name": "suite",
      "value": "test_cacu_yaml"
    },
    {
      "name": "subSuite",
      "value": "TestCalc"
    },
    {
      "name": "host",
      "value": "DESKTOP-FCPOG81"
    },
    {
      "name": "thread",
      "value": "5224-MainThread"
    },
    {
      "name": "framework",
      "value": "pytest"
    },
    {
      "name": "language",
      "value": "cpython3"
    },
    {
      "name": "package",
      "value": "test_cacu_yaml"
    },
    {
      "name": "resultFormat",
      "value": "allure2"
    }
  ],
  "parameters": [
    {
      "name": "a",
      "value": "0.5"
    },
    {
      "name": "b",
      "value": "0.7"
    },
    {
      "name": "expect",
      "value": "1"
    }
  ],
  "links": [],
  "hidden": false,
  "retry": false,
  "extra": {
    "severity": "normal",
    "retries": [],
    "categories": [
      {
        "name": "Product defects",
        "matchedStatuses": [],
        "flaky": false
      }
    ],
    "tags": [
      "run(order=1)"
    ]
  },
  "source": "aedbc27d802ae81d.json",
  "parameterValues": [
    "0.5",
    "0.7",
    "1"
  ]
}